This is pdfTeX, Version 3.141592653-2.6-1.40.23 (MiKTeX 21.10) (preloaded format=pdflatex 2021.11.15)  17 NOV 2021 13:50
entering extended mode
**"C:/Users/seunglee/Programming/Hackathons/Hackathon White Paper/whitepaper.te
x"
(C:/Users/seunglee/Programming/Hackathons/Hackathon White Paper/whitepaper.tex
LaTeX2e <2021-06-01> patch level 1
L3 programming layer <2021-10-18>
(C:\Program Files\MiKTeX\tex/latex/base\article.cls
Document Class: article 2021/02/12 v1.4n Standard LaTeX document class
(C:\Program Files\MiKTeX\tex/latex/base\size12.clo
File: size12.clo 2021/02/12 v1.4n Standard LaTeX file (size option)
)
\c@part=\count182
\c@section=\count183
\c@subsection=\count184
\c@subsubsection=\count185
\c@paragraph=\count186
\c@subparagraph=\count187
\c@figure=\count188
\c@table=\count189
\abovecaptionskip=\skip47
\belowcaptionskip=\skip48
\bibindent=\dimen138
)
(C:\Program Files\MiKTeX\tex/latex/base\inputenc.sty
Package: inputenc 2021/02/14 v1.3d Input encoding file
\inpenc@prehook=\toks16
\inpenc@posthook=\toks17
)
(C:\Program Files\MiKTeX\tex/latex/float\float.sty
Package: float 2001/11/08 v1.3d Float enhancements (AL)
\c@float@type=\count190
\float@exts=\toks18
\float@box=\box50
\@float@everytoks=\toks19
\@floatcapt=\box51
)
(C:\Program Files\MiKTeX\tex/latex/graphics\graphicx.sty
Package: graphicx 2020/12/05 v1.2c Enhanced LaTeX Graphics (DPC,SPQR)

(C:\Program Files\MiKTeX\tex/latex/graphics\keyval.sty
Package: keyval 2014/10/28 v1.15 key=value parser (DPC)
\KV@toks@=\toks20
)
(C:\Program Files\MiKTeX\tex/latex/graphics\graphics.sty
Package: graphics 2021/03/04 v1.4d Standard LaTeX Graphics (DPC,SPQR)

(C:\Program Files\MiKTeX\tex/latex/graphics\trig.sty
Package: trig 2016/01/03 v1.10 sin cos tan (DPC)
)
(C:\Program Files\MiKTeX\tex/latex/graphics-cfg\graphics.cfg
File: graphics.cfg 2016/06/04 v1.11 sample graphics configuration
)
Package graphics Info: Driver file: pdftex.def on input line 107.

(C:\Program Files\MiKTeX\tex/latex/graphics-def\pdftex.def
File: pdftex.def 2020/10/05 v1.2a Graphics/color driver for pdftex
))
\Gin@req@height=\dimen139
\Gin@req@width=\dimen140
)
(C:\Program Files\MiKTeX\tex/latex/setspace\setspace.sty
Package: setspace 2011/12/19 v6.7a set line spacing
)
(C:\Program Files\MiKTeX\tex/latex/l3backend\l3backend-pdftex.def
File: l3backend-pdftex.def 2021-10-18 L3 backend support: PDF output (pdfTeX)
\l__color_backend_stack_int=\count191
\l__pdf_internal_box=\box52
)
No file whitepaper.aux.
\openout1 = `whitepaper.aux'.

LaTeX Font Info:    Checking defaults for OML/cmm/m/it on input line 22.
LaTeX Font Info:    ... okay on input line 22.
LaTeX Font Info:    Checking defaults for OMS/cmsy/m/n on input line 22.
LaTeX Font Info:    ... okay on input line 22.
LaTeX Font Info:    Checking defaults for OT1/cmr/m/n on input line 22.
LaTeX Font Info:    ... okay on input line 22.
LaTeX Font Info:    Checking defaults for T1/cmr/m/n on input line 22.
LaTeX Font Info:    ... okay on input line 22.
LaTeX Font Info:    Checking defaults for TS1/cmr/m/n on input line 22.
LaTeX Font Info:    ... okay on input line 22.
LaTeX Font Info:    Checking defaults for OMX/cmex/m/n on input line 22.
LaTeX Font Info:    ... okay on input line 22.
LaTeX Font Info:    Checking defaults for U/cmr/m/n on input line 22.
LaTeX Font Info:    ... okay on input line 22.
(C:\Program Files\MiKTeX\tex/context/base/mkii\supp-pdf.mkii
[Loading MPS to PDF converter (version 2006.09.02).]
\scratchcounter=\count192
\scratchdimen=\dimen141
\scratchbox=\box53
\nofMPsegments=\count193
\nofMParguments=\count194
\everyMPshowfont=\toks21
\MPscratchCnt=\count195
\MPscratchDim=\dimen142
\MPnumerator=\count196
\makeMPintoPDFobject=\count197
\everyMPtoPDFconversion=\toks22
) (C:\Program Files\MiKTeX\tex/latex/epstopdf-pkg\epstopdf-base.sty
Package: epstopdf-base 2020-01-24 v2.11 Base part for package epstopdf
Package epstopdf-base Info: Redefining graphics rule for `.eps' on input line 4
85.

(C:\Program Files\MiKTeX\tex/latex/00miktex\epstopdf-sys.cfg
File: epstopdf-sys.cfg 2021/03/18 v2.0 Configuration of epstopdf for MiKTeX
))
! Undefined control sequence.
l.32 \authorrunning
                   {R.D. Miller et al.}
? q
OK, entering \batchmode...
! Undefined control sequence.
l.36 \institute
               {Hackathon Team\\
The control sequence at the end of the top line
of your error message was never \def'ed. If you have
misspelled it (e.g., `\hobx'), type `I' and the correct
spelling (e.g., `I\hbox'). Otherwise just continue,
and I'll forget about whatever was undefined.

! Undefined control sequence.
<recently read> \email 
                       
l.37 \email
           {\{Ryan.D.Miller05,colinsteidtmann,seung.youn.lee\}@gmail.com}}
The control sequence at the end of the top line
of your error message was never \def'ed. If you have
misspelled it (e.g., `\hobx'), type `I' and the correct
spelling (e.g., `I\hbox'). Otherwise just continue,
and I'll forget about whatever was undefined.

LaTeX Font Info:    Trying to load font information for OMS+cmr on input line 3
7.
 (C:\Program Files\MiKTeX\tex/latex/base\omscmr.fd
File: omscmr.fd 2019/12/16 v2.5j Standard LaTeX font definitions
)
LaTeX Font Info:    Font shape `OMS/cmr/m/n' in size <12> not available
(Font)              Font shape `OMS/cmsy/m/n' tried instead on input line 37.
 [1

{C:/Users/seunglee/AppData/Local/MiKTeX/pdftex/config/pdftex.map}]
LaTeX Font Info:    External font `cmex10' loaded for size
(Font)              <14.4> on input line 39.
LaTeX Font Info:    External font `cmex10' loaded for size
(Font)              <7> on input line 39.
! Undefined control sequence.
l.48 \keywords
              { Lottery \and Rare Items \and DeFi \and Smart contracts \and ...
The control sequence at the end of the top line
of your error message was never \def'ed. If you have
misspelled it (e.g., `\hobx'), type `I' and the correct
spelling (e.g., `I\hbox'). Otherwise just continue,
and I'll forget about whatever was undefined.

 [2]
Overfull \hbox (1.39734pt too wide) in paragraph at lines 67--68
[]\OT1/cmr/m/n/12 Drops orig-i-nated in Japanese streetwear brands in the 1990s
 be-fore spread-
 []

 [3] [4] [5]

LaTeX Warning: Reference `section-Users' on page 6 undefined on input line 107.



LaTeX Warning: Reference `section-LotteryProcess' on page 6 undefined on input 
line 109.


LaTeX Warning: Reference `section-PlatformEconomics' on page 6 undefined on inp
ut line 111.


LaTeX Warning: Reference `section-PlatformAtLaunch' on page 6 undefined on inpu
t line 113.


LaTeX Warning: Reference `section-FutureFeaturesGrowth' on page 6 undefined on 
input line 113.

 [6]
<Figures_and_Tables/atom.png, id=27, 260.975pt x 301.125pt>
File: Figures_and_Tables/atom.png Graphic file (type png)
<use Figures_and_Tables/atom.png>
Package pdftex.def Info: Figures_and_Tables/atom.png  used on input line 122.
(pdftex.def)             Requested size: 130.48718pt x 150.56212pt.
File: Figures_and_Tables/atom.png Graphic file (type png)
<use Figures_and_Tables/atom.png>
Package pdftex.def Info: Figures_and_Tables/atom.png  used on input line 128.
(pdftex.def)             Requested size: 130.48718pt x 150.56212pt.
File: Figures_and_Tables/atom.png Graphic file (type png)
<use Figures_and_Tables/atom.png>
Package pdftex.def Info: Figures_and_Tables/atom.png  used on input line 136.
(pdftex.def)             Requested size: 130.48718pt x 150.56212pt.
 [7 <C:/Users/seunglee/Programming/Hackathons/Hackathon White Paper/Figures_and
_Tables/atom.png>] [8]
File: Figures_and_Tables/atom.png Graphic file (type png)
<use Figures_and_Tables/atom.png>
Package pdftex.def Info: Figures_and_Tables/atom.png  used on input line 160.
(pdftex.def)             Requested size: 130.48718pt x 150.56212pt.
 [9]
File: Figures_and_Tables/atom.png Graphic file (type png)
<use Figures_and_Tables/atom.png>
Package pdftex.def Info: Figures_and_Tables/atom.png  used on input line 184.
(pdftex.def)             Requested size: 130.48718pt x 150.56212pt.

LaTeX Warning: Reference `subsection-Participants' on page 10 undefined on inpu
t line 188.


LaTeX Warning: Reference `subsection-ThePurseLotteryValuedStaked' on page 10 un
defined on input line 188.

 [10]

LaTeX Warning: Reference `APP-DistributionFunctions' on page 11 undefined on in
put line 214.

 [11]
LaTeX Font Info:    External font `cmex10' loaded for size
(Font)              <12> on input line 218.
LaTeX Font Info:    External font `cmex10' loaded for size
(Font)              <8> on input line 218.
LaTeX Font Info:    External font `cmex10' loaded for size
(Font)              <6> on input line 218.

LaTeX Warning: Reference `subsection-ThePurseLotteryValuedStaked' on page 12 un
defined on input line 223.

 [12]

LaTeX Warning: Reference `subsection-Ticketing' on page 13 undefined on input l
ine 251.

 [13]
File: Figures_and_Tables/atom.png Graphic file (type png)
<use Figures_and_Tables/atom.png>
Package pdftex.def Info: Figures_and_Tables/atom.png  used on input line 272.
(pdftex.def)             Requested size: 130.48718pt x 150.56212pt.
 [14] [15]

LaTeX Warning: Reference `subsection-LotteryOutcomes' on page 16 undefined on i
nput line 301.

File: Figures_and_Tables/atom.png Graphic file (type png)
<use Figures_and_Tables/atom.png>
Package pdftex.def Info: Figures_and_Tables/atom.png  used on input line 311.
(pdftex.def)             Requested size: 130.48718pt x 150.56212pt.
 [16]

LaTeX Warning: Reference `APP-TWF' on page 17 undefined on input line 323.

 [17]

LaTeX Warning: Reference `section-PlatformEconomics' on page 18 undefined on in
put line 328.

File: Figures_and_Tables/atom.png Graphic file (type png)
<use Figures_and_Tables/atom.png>
Package pdftex.def Info: Figures_and_Tables/atom.png  used on input line 341.
(pdftex.def)             Requested size: 130.48718pt x 150.56212pt.
 [18]
File: Figures_and_Tables/atom.png Graphic file (type png)
<use Figures_and_Tables/atom.png>
Package pdftex.def Info: Figures_and_Tables/atom.png  used on input line 354.
(pdftex.def)             Requested size: 130.48718pt x 150.56212pt.
 [19] [20]

LaTeX Warning: Reference `APP-TokenProtocol' on page 21 undefined on input line
 387.


LaTeX Warning: Reference `APP-TokenProtocol' on page 21 undefined on input line
 406.

 [21] [22] [23] (whitepaper.aux)

LaTeX Warning: There were undefined references.


LaTeX Warning: Label(s) may have changed. Rerun to get cross-references right.

 ) 
Here is how much of TeX's memory you used:
 1400 strings out of 478907
 21696 string characters out of 2861739
 320804 words of memory out of 3000000
 19298 multiletter control sequences out of 15000+600000
 409543 words of font info for 47 fonts, out of 8000000 for 9000
 1141 hyphenation exceptions out of 8191
 57i,7n,66p,1175b,221s stack positions out of 5000i,500n,10000p,200000b,80000s
 <C:\Users\seunglee\AppData\Local\MiKTeX\fonts/pk/ljfour/jknappen/ec/dpi600\t
crm1200.pk><C:/Program Files/MiKTeX/fonts/type1/public/amsfonts/cm/cmbx10.pfb><
C:/Program Files/MiKTeX/fonts/type1/public/amsfonts/cm/cmbx12.pfb><C:/Program F
iles/MiKTeX/fonts/type1/public/amsfonts/cm/cmmi12.pfb><C:/Program Files/MiKTeX/
fonts/type1/public/amsfonts/cm/cmmi8.pfb><C:/Program Files/MiKTeX/fonts/type1/p
ublic/amsfonts/cm/cmr10.pfb><C:/Program Files/MiKTeX/fonts/type1/public/amsfont
s/cm/cmr12.pfb><C:/Program Files/MiKTeX/fonts/type1/public/amsfonts/cm/cmr17.pf
b><C:/Program Files/MiKTeX/fonts/type1/public/amsfonts/cm/cmr8.pfb><C:/Program 
Files/MiKTeX/fonts/type1/public/amsfonts/cm/cmsy10.pfb>
Output written on whitepaper.pdf (23 pages, 186657 bytes).
PDF statistics:
 128 PDF objects out of 1000 (max. 8388607)
 0 named destinations out of 1000 (max. 500000)
 6 words of extra memory for PDF output out of 10000 (max. 10000000)

